{"name":"Runs Cucumber Scenarios","status":"skipped","statusDetails":{"known":false,"muted":false,"flaky":false,"message":"java.lang.IllegalArgumentException: Not a file or directory: D:\\EPAM\\PROJECTS\\selenideProject\\SelenideProject\\test\\feature","trace":"java.lang.RuntimeException: java.lang.IllegalArgumentException: Not a file or directory: D:\\EPAM\\PROJECTS\\selenideProject\\SelenideProject\\test\\feature\r\n\tat org.testng.internal.MethodInvocationHelper.invokeMethodNoCheckedException(MethodInvocationHelper.java:50)\r\n\tat org.testng.internal.MethodInvocationHelper.invokeDataProvider(MethodInvocationHelper.java:146)\r\n\tat org.testng.internal.Parameters.handleParameters(Parameters.java:820)\r\n\tat org.testng.internal.Parameters.handleParameters(Parameters.java:762)\r\n\tat org.testng.internal.ParameterHandler.handleParameters(ParameterHandler.java:60)\r\n\tat org.testng.internal.ParameterHandler.createParameters(ParameterHandler.java:39)\r\n\tat org.testng.internal.TestInvoker$MethodInvocationAgent.invoke(TestInvoker.java:771)\r\n\tat org.testng.internal.TestInvoker.invokeTestMethods(TestInvoker.java:145)\r\n\tat org.testng.internal.TestMethodWorker.invokeTestMethods(TestMethodWorker.java:146)\r\n\tat org.testng.internal.TestMethodWorker.run(TestMethodWorker.java:128)\r\n\tat java.util.ArrayList.forEach(ArrayList.java:1257)\r\n\tat org.testng.TestRunner.privateRun(TestRunner.java:770)\r\n\tat org.testng.TestRunner.run(TestRunner.java:591)\r\n\tat org.testng.SuiteRunner.runTest(SuiteRunner.java:402)\r\n\tat org.testng.SuiteRunner.runSequentially(SuiteRunner.java:396)\r\n\tat org.testng.SuiteRunner.privateRun(SuiteRunner.java:355)\r\n\tat org.testng.SuiteRunner.run(SuiteRunner.java:304)\r\n\tat org.testng.SuiteRunnerWorker.runSuite(SuiteRunnerWorker.java:53)\r\n\tat org.testng.SuiteRunnerWorker.run(SuiteRunnerWorker.java:96)\r\n\tat org.testng.TestNG.runSuitesSequentially(TestNG.java:1180)\r\n\tat org.testng.TestNG.runSuitesLocally(TestNG.java:1102)\r\n\tat org.testng.TestNG.runSuites(TestNG.java:1032)\r\n\tat org.testng.TestNG.run(TestNG.java:1000)\r\n\tat org.testng.IDEARemoteTestNG.run(IDEARemoteTestNG.java:72)\r\n\tat org.testng.RemoteTestNGStarter.main(RemoteTestNGStarter.java:123)\r\nCaused by: java.lang.IllegalArgumentException: Not a file or directory: D:\\EPAM\\PROJECTS\\selenideProject\\SelenideProject\\test\\feature\r\n\tat cucumber.runtime.io.FileResourceIterator$FileIterator.<init>(FileResourceIterator.java:63)\r\n\tat cucumber.runtime.io.FileResourceIterator.<init>(FileResourceIterator.java:28)\r\n\tat cucumber.runtime.io.FileResourceIterator.createFileResourceIterator(FileResourceIterator.java:14)\r\n\tat cucumber.runtime.io.FileResourceIterable.iterator(FileResourceIterable.java:19)\r\n\tat cucumber.runtime.model.FeatureLoader.loadFromFeaturePath(FeatureLoader.java:31)\r\n\tat cucumber.runtime.model.FeatureLoader.load(FeatureLoader.java:23)\r\n\tat cucumber.runtime.FeaturePathFeatureSupplier.get(FeaturePathFeatureSupplier.java:33)\r\n\tat io.cucumber.testng.TestNGCucumberRunner.getFeatures(TestNGCucumberRunner.java:106)\r\n\tat io.cucumber.testng.TestNGCucumberRunner.provideScenarios(TestNGCucumberRunner.java:88)\r\n\tat io.cucumber.testng.AbstractTestNGCucumberTests.scenarios(AbstractTestNGCucumberTests.java:38)\r\n\tat sun.reflect.NativeMethodAccessorImpl.invoke0(Native Method)\r\n\tat sun.reflect.NativeMethodAccessorImpl.invoke(NativeMethodAccessorImpl.java:62)\r\n\tat sun.reflect.DelegatingMethodAccessorImpl.invoke(DelegatingMethodAccessorImpl.java:43)\r\n\tat java.lang.reflect.Method.invoke(Method.java:498)\r\n\tat org.testng.internal.MethodInvocationHelper.invokeMethod(MethodInvocationHelper.java:133)\r\n\tat org.testng.internal.MethodInvocationHelper.invokeMethod(MethodInvocationHelper.java:77)\r\n\tat org.testng.internal.MethodInvocationHelper.invokeMethodNoCheckedException(MethodInvocationHelper.java:46)\r\n\t... 24 more\r\n"},"stage":"finished","steps":[],"attachments":[],"parameters":[],"start":1574288407641,"stop":1574288407656,"uuid":"b54b7e81-0c1c-4df7-bd36-d893fa86e8b5","historyId":"dd2b33911039deaa2fb946b87cb6ba63","fullName":"io.cucumber.testng.AbstractTestNGCucumberTests.runScenario","labels":[{"name":"package","value":"TestRunner"},{"name":"testClass","value":"TestRunner"},{"name":"testMethod","value":"runScenario"},{"name":"parentSuite","value":"Default Suite"},{"name":"suite","value":"mentoringProject"},{"name":"subSuite","value":"TestRunner"},{"name":"host","value":"Iryna-PC"},{"name":"thread","value":"4084@Iryna-PC.main(1)"},{"name":"framework","value":"testng"},{"name":"language","value":"java"}],"links":[]}